26-03-26 14:05:37.615 [background-preinit] INFO  o.h.validator.internal.util.Version - HV000001: Hibernate Validator 8.0.3.Final
26-03-26 14:05:37.645 [main] INFO  c.s.m.discodeit.DiscodeitApplication - Starting DiscodeitApplication using Java 17.0.17 with PID 34894 (/Users/apple/discodeit/build/classes/java/main started by apple in /Users/apple/discodeit)
26-03-26 14:05:37.645 [main] DEBUG c.s.m.discodeit.DiscodeitApplication - Running with Spring Boot v3.5.10, Spring v6.2.15
26-03-26 14:05:37.645 [main] INFO  c.s.m.discodeit.DiscodeitApplication - The following 1 profile is active: "dev"
26-03-26 14:05:38.078 [main] INFO  o.s.d.r.c.RepositoryConfigurationDelegate - Bootstrapping Spring Data JPA repositories in DEFAULT mode.
26-03-26 14:05:38.109 [main] INFO  o.s.d.r.c.RepositoryConfigurationDelegate - Finished Spring Data repository scanning in 26 ms. Found 6 JPA repository interfaces.
26-03-26 14:05:38.357 [main] INFO  o.s.b.w.e.tomcat.TomcatWebServer - Tomcat initialized with port 8080 (http)
26-03-26 14:05:38.363 [main] INFO  o.a.coyote.http11.Http11NioProtocol - Initializing ProtocolHandler ["http-nio-8080"]
26-03-26 14:05:38.364 [main] INFO  o.a.catalina.core.StandardService - Starting service [Tomcat]
26-03-26 14:05:38.364 [main] INFO  o.a.catalina.core.StandardEngine - Starting Servlet engine: [Apache Tomcat/10.1.50]
26-03-26 14:05:38.398 [main] INFO  o.a.c.c.C.[Tomcat].[localhost].[/] - Initializing Spring embedded WebApplicationContext
26-03-26 14:05:38.399 [main] INFO  o.s.b.w.s.c.ServletWebServerApplicationContext - Root WebApplicationContext: initialization completed in 736 ms
26-03-26 14:05:38.447 [main] INFO  com.zaxxer.hikari.HikariDataSource - HikariPool-1 - Starting...
26-03-26 14:05:38.541 [main] INFO  com.zaxxer.hikari.pool.HikariPool - HikariPool-1 - Added connection conn0: url=jdbc:h2:mem:testdb user=SA
26-03-26 14:05:38.542 [main] INFO  com.zaxxer.hikari.HikariDataSource - HikariPool-1 - Start completed.
26-03-26 14:05:38.605 [main] INFO  o.h.jpa.internal.util.LogHelper - HHH000204: Processing PersistenceUnitInfo [name: default]
26-03-26 14:05:38.644 [main] INFO  org.hibernate.Version - HHH000412: Hibernate ORM core version 6.6.41.Final
26-03-26 14:05:38.661 [main] INFO  o.h.c.i.RegionFactoryInitiator - HHH000026: Second-level cache disabled
26-03-26 14:05:38.799 [main] INFO  o.s.o.j.p.SpringPersistenceUnitInfo - No LoadTimeWeaver setup: ignoring JPA class transformer
26-03-26 14:05:38.872 [main] INFO  o.hibernate.orm.connections.pooling - HHH10001005: Database info:
	Database JDBC URL [Connecting through datasource 'HikariDataSource (HikariPool-1)']
	Database driver: undefined/unknown
	Database version: 2.3.232
	Autocommit mode: undefined/unknown
	Isolation level: undefined/unknown
	Minimum pool size: undefined/unknown
	Maximum pool size: undefined/unknown
26-03-26 14:05:39.452 [main] INFO  o.h.e.t.j.p.i.JtaPlatformInitiator - HHH000489: No JTA platform available (set 'hibernate.transaction.jta.platform' to enable JTA platform integration)
26-03-26 14:05:39.453 [main] INFO  o.s.o.j.LocalContainerEntityManagerFactoryBean - Initialized JPA EntityManagerFactory for persistence unit 'default'
26-03-26 14:05:39.740 [main] WARN  o.s.b.a.o.j.JpaBaseConfiguration$JpaWebConfiguration - spring.jpa.open-in-view is enabled by default. Therefore, database queries may be performed during view rendering. Explicitly configure spring.jpa.open-in-view to disable this warning
26-03-26 14:05:39.751 [main] INFO  o.s.b.a.w.s.WelcomePageHandlerMapping - Adding welcome page: class path resource [static/index.html]
26-03-26 14:05:39.932 [main] INFO  o.s.b.a.h.H2ConsoleAutoConfiguration - H2 console available at '/h2-console'. Database available at 'jdbc:h2:mem:testdb'
26-03-26 14:05:39.978 [main] INFO  o.a.coyote.http11.Http11NioProtocol - Starting ProtocolHandler ["http-nio-8080"]
26-03-26 14:05:39.988 [main] INFO  o.s.b.w.e.tomcat.TomcatWebServer - Tomcat started on port 8080 (http) with context path '/'
26-03-26 14:05:39.995 [main] INFO  c.s.m.discodeit.DiscodeitApplication - Started DiscodeitApplication in 2.614 seconds (process running for 8.316)
26-03-26 14:05:39.996 [main] WARN  o.s.c.events.SpringDocAppInitializer - SpringDoc /v3/api-docs endpoint is enabled by default. To disable it in production, set the property 'springdoc.api-docs.enabled=false'
26-03-26 14:05:39.996 [main] WARN  o.s.c.events.SpringDocAppInitializer - SpringDoc /swagger-ui.html endpoint is enabled by default. To disable it in production, set the property 'springdoc.swagger-ui.enabled=false'
26-03-26 14:05:43.637 [SpringApplicationShutdownHook] INFO  o.s.b.w.e.tomcat.GracefulShutdown - Commencing graceful shutdown. Waiting for active requests to complete
26-03-26 14:05:43.645 [tomcat-shutdown] INFO  o.s.b.w.e.tomcat.GracefulShutdown - Graceful shutdown complete
26-03-26 14:05:43.650 [SpringApplicationShutdownHook] INFO  o.s.o.j.LocalContainerEntityManagerFactoryBean - Closing JPA EntityManagerFactory for persistence unit 'default'
26-03-26 14:05:43.652 [SpringApplicationShutdownHook] INFO  com.zaxxer.hikari.HikariDataSource - HikariPool-1 - Shutdown initiated...
26-03-26 14:05:43.660 [SpringApplicationShutdownHook] INFO  com.zaxxer.hikari.HikariDataSource - HikariPool-1 - Shutdown completed.
26-03-26 16:39:22.918 [background-preinit] INFO  o.h.validator.internal.util.Version - HV000001: Hibernate Validator 8.0.3.Final
26-03-26 16:39:22.947 [main] INFO  c.s.m.discodeit.DiscodeitApplication - Starting DiscodeitApplication using Java 17.0.17 with PID 38635 (/Users/apple/discodeit/build/classes/java/main started by apple in /Users/apple/discodeit)
26-03-26 16:39:22.948 [main] DEBUG c.s.m.discodeit.DiscodeitApplication - Running with Spring Boot v3.5.10, Spring v6.2.15
26-03-26 16:39:22.948 [main] INFO  c.s.m.discodeit.DiscodeitApplication - The following 1 profile is active: "dev"
26-03-26 16:39:23.398 [main] INFO  o.s.d.r.c.RepositoryConfigurationDelegate - Bootstrapping Spring Data JPA repositories in DEFAULT mode.
26-03-26 16:39:23.432 [main] INFO  o.s.d.r.c.RepositoryConfigurationDelegate - Finished Spring Data repository scanning in 29 ms. Found 6 JPA repository interfaces.
26-03-26 16:39:23.713 [main] INFO  o.s.b.w.e.tomcat.TomcatWebServer - Tomcat initialized with port 8080 (http)
26-03-26 16:39:23.723 [main] INFO  o.a.coyote.http11.Http11NioProtocol - Initializing ProtocolHandler ["http-nio-8080"]
26-03-26 16:39:23.724 [main] INFO  o.a.catalina.core.StandardService - Starting service [Tomcat]
26-03-26 16:39:23.724 [main] INFO  o.a.catalina.core.StandardEngine - Starting Servlet engine: [Apache Tomcat/10.1.50]
26-03-26 16:39:23.765 [main] INFO  o.a.c.c.C.[Tomcat].[localhost].[/] - Initializing Spring embedded WebApplicationContext
26-03-26 16:39:23.765 [main] INFO  o.s.b.w.s.c.ServletWebServerApplicationContext - Root WebApplicationContext: initialization completed in 799 ms
26-03-26 16:39:23.833 [main] INFO  com.zaxxer.hikari.HikariDataSource - HikariPool-1 - Starting...
26-03-26 16:39:24.034 [main] INFO  com.zaxxer.hikari.pool.HikariPool - HikariPool-1 - Added connection conn0: url=jdbc:h2:mem:testdb user=SA
26-03-26 16:39:24.037 [main] INFO  com.zaxxer.hikari.HikariDataSource - HikariPool-1 - Start completed.
26-03-26 16:39:24.114 [main] INFO  o.h.jpa.internal.util.LogHelper - HHH000204: Processing PersistenceUnitInfo [name: default]
26-03-26 16:39:24.144 [main] INFO  org.hibernate.Version - HHH000412: Hibernate ORM core version 6.6.41.Final
26-03-26 16:39:24.161 [main] INFO  o.h.c.i.RegionFactoryInitiator - HHH000026: Second-level cache disabled
26-03-26 16:39:24.316 [main] INFO  o.s.o.j.p.SpringPersistenceUnitInfo - No LoadTimeWeaver setup: ignoring JPA class transformer
26-03-26 16:39:24.360 [main] INFO  o.hibernate.orm.connections.pooling - HHH10001005: Database info:
	Database JDBC URL [Connecting through datasource 'HikariDataSource (HikariPool-1)']
	Database driver: undefined/unknown
	Database version: 2.3.232
	Autocommit mode: undefined/unknown
	Isolation level: undefined/unknown
	Minimum pool size: undefined/unknown
	Maximum pool size: undefined/unknown
26-03-26 16:39:24.863 [main] INFO  o.h.e.t.j.p.i.JtaPlatformInitiator - HHH000489: No JTA platform available (set 'hibernate.transaction.jta.platform' to enable JTA platform integration)
26-03-26 16:39:24.865 [main] INFO  o.s.o.j.LocalContainerEntityManagerFactoryBean - Initialized JPA EntityManagerFactory for persistence unit 'default'
26-03-26 16:39:25.172 [main] WARN  o.s.b.a.o.j.JpaBaseConfiguration$JpaWebConfiguration - spring.jpa.open-in-view is enabled by default. Therefore, database queries may be performed during view rendering. Explicitly configure spring.jpa.open-in-view to disable this warning
26-03-26 16:39:25.182 [main] INFO  o.s.b.a.w.s.WelcomePageHandlerMapping - Adding welcome page: class path resource [static/index.html]
26-03-26 16:39:25.367 [main] INFO  o.s.b.a.h.H2ConsoleAutoConfiguration - H2 console available at '/h2-console'. Database available at 'jdbc:h2:mem:testdb'
26-03-26 16:39:25.408 [main] INFO  o.a.coyote.http11.Http11NioProtocol - Starting ProtocolHandler ["http-nio-8080"]
26-03-26 16:39:25.419 [main] INFO  o.s.b.w.e.tomcat.TomcatWebServer - Tomcat started on port 8080 (http) with context path '/'
26-03-26 16:39:25.425 [main] INFO  c.s.m.discodeit.DiscodeitApplication - Started DiscodeitApplication in 2.747 seconds (process running for 8.297)
26-03-26 16:39:25.427 [main] WARN  o.s.c.events.SpringDocAppInitializer - SpringDoc /v3/api-docs endpoint is enabled by default. To disable it in production, set the property 'springdoc.api-docs.enabled=false'
26-03-26 16:39:25.427 [main] WARN  o.s.c.events.SpringDocAppInitializer - SpringDoc /swagger-ui.html endpoint is enabled by default. To disable it in production, set the property 'springdoc.swagger-ui.enabled=false'
26-03-26 16:39:31.088 [http-nio-8080-exec-1] INFO  o.a.c.c.C.[Tomcat].[localhost].[/] - Initializing Spring DispatcherServlet 'dispatcherServlet'
26-03-26 16:39:31.089 [http-nio-8080-exec-1] INFO  o.s.web.servlet.DispatcherServlet - Initializing Servlet 'dispatcherServlet'
26-03-26 16:39:31.094 [http-nio-8080-exec-1] INFO  o.s.web.servlet.DispatcherServlet - Completed initialization in 5 ms
26-03-26 16:39:44.845 [http-nio-8080-exec-6] DEBUG c.s.m.d.controller.UserController - 유저 회원가입 요청: 유저 이름 = 123, 유저 이메일 = 123@naver.com, 프로필 여부 = false
26-03-26 16:39:44.963 [http-nio-8080-exec-6] INFO  c.s.m.d.s.basic.BasicUserService - 유저 회원가입 성공: userId = cbad8198-2f47-4ef3-8ecc-063a2ecdd918
26-03-26 16:39:45.050 [http-nio-8080-exec-10] INFO  c.s.m.d.s.basic.BasicChannelService - 특정 유저가 속한 채널 목록 조회 성공: 유저 id = cbad8198-2f47-4ef3-8ecc-063a2ecdd918, 채널 목록 개수 = 0
26-03-26 16:39:45.062 [http-nio-8080-exec-5] INFO  c.s.m.d.s.basic.BasicChannelService - 특정 유저가 속한 채널 목록 조회 성공: 유저 id = cbad8198-2f47-4ef3-8ecc-063a2ecdd918, 채널 목록 개수 = 0
26-03-26 16:39:48.621 [http-nio-8080-exec-7] INFO  c.s.m.d.s.basic.BasicChannelService - 특정 유저가 속한 채널 목록 조회 성공: 유저 id = cbad8198-2f47-4ef3-8ecc-063a2ecdd918, 채널 목록 개수 = 0
26-03-26 16:39:51.627 [http-nio-8080-exec-9] INFO  c.s.m.d.s.basic.BasicChannelService - 특정 유저가 속한 채널 목록 조회 성공: 유저 id = cbad8198-2f47-4ef3-8ecc-063a2ecdd918, 채널 목록 개수 = 0
26-03-26 16:39:54.621 [http-nio-8080-exec-2] INFO  c.s.m.d.s.basic.BasicChannelService - 특정 유저가 속한 채널 목록 조회 성공: 유저 id = cbad8198-2f47-4ef3-8ecc-063a2ecdd918, 채널 목록 개수 = 0
26-03-26 16:39:57.620 [http-nio-8080-exec-3] INFO  c.s.m.d.s.basic.BasicChannelService - 특정 유저가 속한 채널 목록 조회 성공: 유저 id = cbad8198-2f47-4ef3-8ecc-063a2ecdd918, 채널 목록 개수 = 0
26-03-26 16:39:59.244 [http-nio-8080-exec-4] DEBUG c.s.m.d.controller.UserController - 유저 회원가입 요청: 유저 이름 = 1234, 유저 이메일 = 123@naver.com, 프로필 여부 = false
26-03-26 16:39:59.251 [http-nio-8080-exec-4] WARN  c.s.m.d.e.GlobalExceptionHandler - 예외 발생: 메시지 = 중복된 이메일입니다.
com.sprint.mission.discodeit.exception.user.DuplicateEmailFoundException: 중복된 이메일입니다.
	at com.sprint.mission.discodeit.service.basic.BasicUserService.create(BasicUserService.java:39)
	at java.base/jdk.internal.reflect.NativeMethodAccessorImpl.invoke0(Native Method)
	at java.base/jdk.internal.reflect.NativeMethodAccessorImpl.invoke(NativeMethodAccessorImpl.java:77)
	at java.base/jdk.internal.reflect.DelegatingMethodAccessorImpl.invoke(DelegatingMethodAccessorImpl.java:43)
	at java.base/java.lang.reflect.Method.invoke(Method.java:569)
	at org.springframework.aop.support.AopUtils.invokeJoinpointUsingReflection(AopUtils.java:360)
	at org.springframework.aop.framework.ReflectiveMethodInvocation.invokeJoinpoint(ReflectiveMethodInvocation.java:196)
	at org.springframework.aop.framework.ReflectiveMethodInvocation.proceed(ReflectiveMethodInvocation.java:163)
	at org.springframework.transaction.interceptor.TransactionAspectSupport.invokeWithinTransaction(TransactionAspectSupport.java:380)
	at org.springframework.transaction.interceptor.TransactionInterceptor.invoke(TransactionInterceptor.java:119)
	at org.springframework.aop.framework.ReflectiveMethodInvocation.proceed(ReflectiveMethodInvocation.java:184)
	at org.springframework.aop.framework.CglibAopProxy$DynamicAdvisedInterceptor.intercept(CglibAopProxy.java:728)
	at com.sprint.mission.discodeit.service.basic.BasicUserService$$SpringCGLIB$$0.create(<generated>)
	at com.sprint.mission.discodeit.controller.UserController.postUser(UserController.java:42)
	at java.base/jdk.internal.reflect.NativeMethodAccessorImpl.invoke0(Native Method)
	at java.base/jdk.internal.reflect.NativeMethodAccessorImpl.invoke(NativeMethodAccessorImpl.java:77)
	at java.base/jdk.internal.reflect.DelegatingMethodAccessorImpl.invoke(DelegatingMethodAccessorImpl.java:43)
	at java.base/java.lang.reflect.Method.invoke(Method.java:569)
	at org.springframework.web.method.support.InvocableHandlerMethod.doInvoke(InvocableHandlerMethod.java:258)
	at org.springframework.web.method.support.InvocableHandlerMethod.invokeForRequest(InvocableHandlerMethod.java:191)
	at org.springframework.web.servlet.mvc.method.annotation.ServletInvocableHandlerMethod.invokeAndHandle(ServletInvocableHandlerMethod.java:118)
	at org.springframework.web.servlet.mvc.method.annotation.RequestMappingHandlerAdapter.invokeHandlerMethod(RequestMappingHandlerAdapter.java:991)
	at org.springframework.web.servlet.mvc.method.annotation.RequestMappingHandlerAdapter.handleInternal(RequestMappingHandlerAdapter.java:896)
	at org.springframework.web.servlet.mvc.method.AbstractHandlerMethodAdapter.handle(AbstractHandlerMethodAdapter.java:87)
	at org.springframework.web.servlet.DispatcherServlet.doDispatch(DispatcherServlet.java:1089)
	at org.springframework.web.servlet.DispatcherServlet.doService(DispatcherServlet.java:979)
	at org.springframework.web.servlet.FrameworkServlet.processRequest(FrameworkServlet.java:1014)
	at org.springframework.web.servlet.FrameworkServlet.doPost(FrameworkServlet.java:914)
	at jakarta.servlet.http.HttpServlet.service(HttpServlet.java:590)
	at org.springframework.web.servlet.FrameworkServlet.service(FrameworkServlet.java:885)
	at jakarta.servlet.http.HttpServlet.service(HttpServlet.java:658)
	at org.apache.catalina.core.ApplicationFilterChain.internalDoFilter(ApplicationFilterChain.java:193)
	at org.apache.catalina.core.ApplicationFilterChain.doFilter(ApplicationFilterChain.java:138)
	at org.apache.tomcat.websocket.server.WsFilter.doFilter(WsFilter.java:51)
	at org.apache.catalina.core.ApplicationFilterChain.internalDoFilter(ApplicationFilterChain.java:162)
	at org.apache.catalina.core.ApplicationFilterChain.doFilter(ApplicationFilterChain.java:138)
	at org.springframework.web.filter.RequestContextFilter.doFilterInternal(RequestContextFilter.java:100)
	at org.springframework.web.filter.OncePerRequestFilter.doFilter(OncePerRequestFilter.java:116)
	at org.apache.catalina.core.ApplicationFilterChain.internalDoFilter(ApplicationFilterChain.java:162)
	at org.apache.catalina.core.ApplicationFilterChain.doFilter(ApplicationFilterChain.java:138)
	at org.springframework.web.filter.FormContentFilter.doFilterInternal(FormContentFilter.java:93)
	at org.springframework.web.filter.OncePerRequestFilter.doFilter(OncePerRequestFilter.java:116)
	at org.apache.catalina.core.ApplicationFilterChain.internalDoFilter(ApplicationFilterChain.java:162)
	at org.apache.catalina.core.ApplicationFilterChain.doFilter(ApplicationFilterChain.java:138)
	at org.springframework.web.filter.CharacterEncodingFilter.doFilterInternal(CharacterEncodingFilter.java:201)
	at org.springframework.web.filter.OncePerRequestFilter.doFilter(OncePerRequestFilter.java:116)
	at org.apache.catalina.core.ApplicationFilterChain.internalDoFilter(ApplicationFilterChain.java:162)
	at org.apache.catalina.core.ApplicationFilterChain.doFilter(ApplicationFilterChain.java:138)
	at org.apache.catalina.core.StandardWrapperValve.invoke(StandardWrapperValve.java:165)
	at org.apache.catalina.core.StandardContextValve.invoke(StandardContextValve.java:88)
	at org.apache.catalina.authenticator.AuthenticatorBase.invoke(AuthenticatorBase.java:482)
	at org.apache.catalina.core.StandardHostValve.invoke(StandardHostValve.java:113)
	at org.apache.catalina.valves.ErrorReportValve.invoke(ErrorReportValve.java:83)
	at org.apache.catalina.core.StandardEngineValve.invoke(StandardEngineValve.java:72)
	at org.apache.catalina.connector.CoyoteAdapter.service(CoyoteAdapter.java:342)
	at org.apache.coyote.http11.Http11Processor.service(Http11Processor.java:399)
	at org.apache.coyote.AbstractProcessorLight.process(AbstractProcessorLight.java:63)
	at org.apache.coyote.AbstractProtocol$ConnectionHandler.process(AbstractProtocol.java:903)
	at org.apache.tomcat.util.net.NioEndpoint$SocketProcessor.doRun(NioEndpoint.java:1774)
	at org.apache.tomcat.util.net.SocketProcessorBase.run(SocketProcessorBase.java:52)
	at org.apache.tomcat.util.threads.ThreadPoolExecutor.runWorker(ThreadPoolExecutor.java:973)
	at org.apache.tomcat.util.threads.ThreadPoolExecutor$Worker.run(ThreadPoolExecutor.java:491)
	at org.apache.tomcat.util.threads.TaskThread$WrappingRunnable.run(TaskThread.java:63)
	at java.base/java.lang.Thread.run(Thread.java:840)
26-03-26 16:40:00.623 [http-nio-8080-exec-6] INFO  c.s.m.d.s.basic.BasicChannelService - 특정 유저가 속한 채널 목록 조회 성공: 유저 id = cbad8198-2f47-4ef3-8ecc-063a2ecdd918, 채널 목록 개수 = 0
26-03-26 16:40:03.623 [http-nio-8080-exec-8] INFO  c.s.m.d.s.basic.BasicChannelService - 특정 유저가 속한 채널 목록 조회 성공: 유저 id = cbad8198-2f47-4ef3-8ecc-063a2ecdd918, 채널 목록 개수 = 0
26-03-26 16:40:06.620 [http-nio-8080-exec-1] INFO  c.s.m.d.s.basic.BasicChannelService - 특정 유저가 속한 채널 목록 조회 성공: 유저 id = cbad8198-2f47-4ef3-8ecc-063a2ecdd918, 채널 목록 개수 = 0
26-03-26 16:40:09.619 [http-nio-8080-exec-10] INFO  c.s.m.d.s.basic.BasicChannelService - 특정 유저가 속한 채널 목록 조회 성공: 유저 id = cbad8198-2f47-4ef3-8ecc-063a2ecdd918, 채널 목록 개수 = 0
26-03-26 16:40:12.619 [http-nio-8080-exec-5] INFO  c.s.m.d.s.basic.BasicChannelService - 특정 유저가 속한 채널 목록 조회 성공: 유저 id = cbad8198-2f47-4ef3-8ecc-063a2ecdd918, 채널 목록 개수 = 0
26-03-26 16:40:15.624 [http-nio-8080-exec-7] INFO  c.s.m.d.s.basic.BasicChannelService - 특정 유저가 속한 채널 목록 조회 성공: 유저 id = cbad8198-2f47-4ef3-8ecc-063a2ecdd918, 채널 목록 개수 = 0
26-03-26 16:40:18.658 [http-nio-8080-exec-9] INFO  c.s.m.d.s.basic.BasicChannelService - 특정 유저가 속한 채널 목록 조회 성공: 유저 id = cbad8198-2f47-4ef3-8ecc-063a2ecdd918, 채널 목록 개수 = 0
26-03-26 16:40:21.620 [http-nio-8080-exec-2] INFO  c.s.m.d.s.basic.BasicChannelService - 특정 유저가 속한 채널 목록 조회 성공: 유저 id = cbad8198-2f47-4ef3-8ecc-063a2ecdd918, 채널 목록 개수 = 0
26-03-26 16:40:24.618 [http-nio-8080-exec-3] INFO  c.s.m.d.s.basic.BasicChannelService - 특정 유저가 속한 채널 목록 조회 성공: 유저 id = cbad8198-2f47-4ef3-8ecc-063a2ecdd918, 채널 목록 개수 = 0
26-03-26 16:40:27.616 [http-nio-8080-exec-4] INFO  c.s.m.d.s.basic.BasicChannelService - 특정 유저가 속한 채널 목록 조회 성공: 유저 id = cbad8198-2f47-4ef3-8ecc-063a2ecdd918, 채널 목록 개수 = 0
26-03-26 16:40:30.640 [http-nio-8080-exec-6] INFO  c.s.m.d.s.basic.BasicChannelService - 특정 유저가 속한 채널 목록 조회 성공: 유저 id = cbad8198-2f47-4ef3-8ecc-063a2ecdd918, 채널 목록 개수 = 0
26-03-26 16:40:30.772 [http-nio-8080-exec-9] DEBUG c.s.m.d.controller.UserController - 유저 회원가입 요청: 유저 이름 = 1234, 유저 이메일 = 123@naver.com, 프로필 여부 = false
26-03-26 16:40:30.775 [http-nio-8080-exec-9] WARN  c.s.m.d.e.GlobalExceptionHandler - 예외 발생: 메시지 = 중복된 이메일입니다.
com.sprint.mission.discodeit.exception.user.DuplicateEmailFoundException: 중복된 이메일입니다.
	at com.sprint.mission.discodeit.service.basic.BasicUserService.create(BasicUserService.java:39)
	at java.base/jdk.internal.reflect.NativeMethodAccessorImpl.invoke0(Native Method)
	at java.base/jdk.internal.reflect.NativeMethodAccessorImpl.invoke(NativeMethodAccessorImpl.java:77)
	at java.base/jdk.internal.reflect.DelegatingMethodAccessorImpl.invoke(DelegatingMethodAccessorImpl.java:43)
	at java.base/java.lang.reflect.Method.invoke(Method.java:569)
	at org.springframework.aop.support.AopUtils.invokeJoinpointUsingReflection(AopUtils.java:360)
	at org.springframework.aop.framework.ReflectiveMethodInvocation.invokeJoinpoint(ReflectiveMethodInvocation.java:196)
	at org.springframework.aop.framework.ReflectiveMethodInvocation.proceed(ReflectiveMethodInvocation.java:163)
	at org.springframework.transaction.interceptor.TransactionAspectSupport.invokeWithinTransaction(TransactionAspectSupport.java:380)
	at org.springframework.transaction.interceptor.TransactionInterceptor.invoke(TransactionInterceptor.java:119)
	at org.springframework.aop.framework.ReflectiveMethodInvocation.proceed(ReflectiveMethodInvocation.java:184)
	at org.springframework.aop.framework.CglibAopProxy$DynamicAdvisedInterceptor.intercept(CglibAopProxy.java:728)
	at com.sprint.mission.discodeit.service.basic.BasicUserService$$SpringCGLIB$$0.create(<generated>)
	at com.sprint.mission.discodeit.controller.UserController.postUser(UserController.java:42)
	at java.base/jdk.internal.reflect.NativeMethodAccessorImpl.invoke0(Native Method)
	at java.base/jdk.internal.reflect.NativeMethodAccessorImpl.invoke(NativeMethodAccessorImpl.java:77)
	at java.base/jdk.internal.reflect.DelegatingMethodAccessorImpl.invoke(DelegatingMethodAccessorImpl.java:43)
	at java.base/java.lang.reflect.Method.invoke(Method.java:569)
	at org.springframework.web.method.support.InvocableHandlerMethod.doInvoke(InvocableHandlerMethod.java:258)
	at org.springframework.web.method.support.InvocableHandlerMethod.invokeForRequest(InvocableHandlerMethod.java:191)
	at org.springframework.web.servlet.mvc.method.annotation.ServletInvocableHandlerMethod.invokeAndHandle(ServletInvocableHandlerMethod.java:118)
	at org.springframework.web.servlet.mvc.method.annotation.RequestMappingHandlerAdapter.invokeHandlerMethod(RequestMappingHandlerAdapter.java:991)
	at org.springframework.web.servlet.mvc.method.annotation.RequestMappingHandlerAdapter.handleInternal(RequestMappingHandlerAdapter.java:896)
	at org.springframework.web.servlet.mvc.method.AbstractHandlerMethodAdapter.handle(AbstractHandlerMethodAdapter.java:87)
	at org.springframework.web.servlet.DispatcherServlet.doDispatch(DispatcherServlet.java:1089)
	at org.springframework.web.servlet.DispatcherServlet.doService(DispatcherServlet.java:979)
	at org.springframework.web.servlet.FrameworkServlet.processRequest(FrameworkServlet.java:1014)
	at org.springframework.web.servlet.FrameworkServlet.doPost(FrameworkServlet.java:914)
	at jakarta.servlet.http.HttpServlet.service(HttpServlet.java:590)
	at org.springframework.web.servlet.FrameworkServlet.service(FrameworkServlet.java:885)
	at jakarta.servlet.http.HttpServlet.service(HttpServlet.java:658)
	at org.apache.catalina.core.ApplicationFilterChain.internalDoFilter(ApplicationFilterChain.java:193)
	at org.apache.catalina.core.ApplicationFilterChain.doFilter(ApplicationFilterChain.java:138)
	at org.apache.tomcat.websocket.server.WsFilter.doFilter(WsFilter.java:51)
	at org.apache.catalina.core.ApplicationFilterChain.internalDoFilter(ApplicationFilterChain.java:162)
	at org.apache.catalina.core.ApplicationFilterChain.doFilter(ApplicationFilterChain.java:138)
	at org.springframework.web.filter.RequestContextFilter.doFilterInternal(RequestContextFilter.java:100)
	at org.springframework.web.filter.OncePerRequestFilter.doFilter(OncePerRequestFilter.java:116)
	at org.apache.catalina.core.ApplicationFilterChain.internalDoFilter(ApplicationFilterChain.java:162)
	at org.apache.catalina.core.ApplicationFilterChain.doFilter(ApplicationFilterChain.java:138)
	at org.springframework.web.filter.FormContentFilter.doFilterInternal(FormContentFilter.java:93)
	at org.springframework.web.filter.OncePerRequestFilter.doFilter(OncePerRequestFilter.java:116)
	at org.apache.catalina.core.ApplicationFilterChain.internalDoFilter(ApplicationFilterChain.java:162)
	at org.apache.catalina.core.ApplicationFilterChain.doFilter(ApplicationFilterChain.java:138)
	at org.springframework.web.filter.CharacterEncodingFilter.doFilterInternal(CharacterEncodingFilter.java:201)
	at org.springframework.web.filter.OncePerRequestFilter.doFilter(OncePerRequestFilter.java:116)
	at org.apache.catalina.core.ApplicationFilterChain.internalDoFilter(ApplicationFilterChain.java:162)
	at org.apache.catalina.core.ApplicationFilterChain.doFilter(ApplicationFilterChain.java:138)
	at org.apache.catalina.core.StandardWrapperValve.invoke(StandardWrapperValve.java:165)
	at org.apache.catalina.core.StandardContextValve.invoke(StandardContextValve.java:88)
	at org.apache.catalina.authenticator.AuthenticatorBase.invoke(AuthenticatorBase.java:482)
	at org.apache.catalina.core.StandardHostValve.invoke(StandardHostValve.java:113)
	at org.apache.catalina.valves.ErrorReportValve.invoke(ErrorReportValve.java:83)
	at org.apache.catalina.core.StandardEngineValve.invoke(StandardEngineValve.java:72)
	at org.apache.catalina.connector.CoyoteAdapter.service(CoyoteAdapter.java:342)
	at org.apache.coyote.http11.Http11Processor.service(Http11Processor.java:399)
	at org.apache.coyote.AbstractProcessorLight.process(AbstractProcessorLight.java:63)
	at org.apache.coyote.AbstractProtocol$ConnectionHandler.process(AbstractProtocol.java:903)
	at org.apache.tomcat.util.net.NioEndpoint$SocketProcessor.doRun(NioEndpoint.java:1774)
	at org.apache.tomcat.util.net.SocketProcessorBase.run(SocketProcessorBase.java:52)
	at org.apache.tomcat.util.threads.ThreadPoolExecutor.runWorker(ThreadPoolExecutor.java:973)
	at org.apache.tomcat.util.threads.ThreadPoolExecutor$Worker.run(ThreadPoolExecutor.java:491)
	at org.apache.tomcat.util.threads.TaskThread$WrappingRunnable.run(TaskThread.java:63)
	at java.base/java.lang.Thread.run(Thread.java:840)
26-03-26 16:40:33.622 [http-nio-8080-exec-1] INFO  c.s.m.d.s.basic.BasicChannelService - 특정 유저가 속한 채널 목록 조회 성공: 유저 id = cbad8198-2f47-4ef3-8ecc-063a2ecdd918, 채널 목록 개수 = 0
26-03-26 16:40:36.618 [http-nio-8080-exec-10] INFO  c.s.m.d.s.basic.BasicChannelService - 특정 유저가 속한 채널 목록 조회 성공: 유저 id = cbad8198-2f47-4ef3-8ecc-063a2ecdd918, 채널 목록 개수 = 0
26-03-26 16:40:39.644 [http-nio-8080-exec-5] INFO  c.s.m.d.s.basic.BasicChannelService - 특정 유저가 속한 채널 목록 조회 성공: 유저 id = cbad8198-2f47-4ef3-8ecc-063a2ecdd918, 채널 목록 개수 = 0
26-03-26 16:40:42.650 [http-nio-8080-exec-7] INFO  c.s.m.d.s.basic.BasicChannelService - 특정 유저가 속한 채널 목록 조회 성공: 유저 id = cbad8198-2f47-4ef3-8ecc-063a2ecdd918, 채널 목록 개수 = 0
26-03-26 16:40:45.667 [http-nio-8080-exec-1] INFO  c.s.m.d.s.basic.BasicChannelService - 특정 유저가 속한 채널 목록 조회 성공: 유저 id = cbad8198-2f47-4ef3-8ecc-063a2ecdd918, 채널 목록 개수 = 0
26-03-26 16:40:45.690 [http-nio-8080-exec-3] INFO  c.s.m.d.s.basic.BasicChannelService - 특정 유저가 속한 채널 목록 조회 성공: 유저 id = cbad8198-2f47-4ef3-8ecc-063a2ecdd918, 채널 목록 개수 = 0
26-03-26 16:40:49.645 [http-nio-8080-exec-4] INFO  c.s.m.d.s.basic.BasicChannelService - 특정 유저가 속한 채널 목록 조회 성공: 유저 id = cbad8198-2f47-4ef3-8ecc-063a2ecdd918, 채널 목록 개수 = 0
26-03-26 16:40:52.621 [http-nio-8080-exec-6] INFO  c.s.m.d.s.basic.BasicChannelService - 특정 유저가 속한 채널 목록 조회 성공: 유저 id = cbad8198-2f47-4ef3-8ecc-063a2ecdd918, 채널 목록 개수 = 0
26-03-26 16:40:55.619 [http-nio-8080-exec-8] INFO  c.s.m.d.s.basic.BasicChannelService - 특정 유저가 속한 채널 목록 조회 성공: 유저 id = cbad8198-2f47-4ef3-8ecc-063a2ecdd918, 채널 목록 개수 = 0
26-03-26 16:40:58.619 [http-nio-8080-exec-2] INFO  c.s.m.d.s.basic.BasicChannelService - 특정 유저가 속한 채널 목록 조회 성공: 유저 id = cbad8198-2f47-4ef3-8ecc-063a2ecdd918, 채널 목록 개수 = 0
26-03-26 16:41:01.640 [http-nio-8080-exec-3] INFO  c.s.m.d.s.basic.BasicChannelService - 특정 유저가 속한 채널 목록 조회 성공: 유저 id = cbad8198-2f47-4ef3-8ecc-063a2ecdd918, 채널 목록 개수 = 0
26-03-26 16:41:04.618 [http-nio-8080-exec-4] INFO  c.s.m.d.s.basic.BasicChannelService - 특정 유저가 속한 채널 목록 조회 성공: 유저 id = cbad8198-2f47-4ef3-8ecc-063a2ecdd918, 채널 목록 개수 = 0
26-03-26 16:41:29.904 [http-nio-8080-exec-1] DEBUG c.s.m.d.controller.UserController - 유저 회원가입 요청: 유저 이름 = 1234, 유저 이메일 = 1223@naver.com, 프로필 여부 = false
26-03-26 16:41:29.917 [http-nio-8080-exec-1] INFO  c.s.m.d.s.basic.BasicUserService - 유저 회원가입 성공: userId = b64bb6e3-554d-4e09-bed5-8155a9aa9ff1
26-03-26 16:41:29.954 [http-nio-8080-exec-10] INFO  c.s.m.d.s.basic.BasicChannelService - 특정 유저가 속한 채널 목록 조회 성공: 유저 id = b64bb6e3-554d-4e09-bed5-8155a9aa9ff1, 채널 목록 개수 = 0
26-03-26 16:41:29.972 [http-nio-8080-exec-7] INFO  c.s.m.d.s.basic.BasicChannelService - 특정 유저가 속한 채널 목록 조회 성공: 유저 id = b64bb6e3-554d-4e09-bed5-8155a9aa9ff1, 채널 목록 개수 = 0
26-03-26 16:41:32.972 [http-nio-8080-exec-8] INFO  c.s.m.d.s.basic.BasicChannelService - 특정 유저가 속한 채널 목록 조회 성공: 유저 id = b64bb6e3-554d-4e09-bed5-8155a9aa9ff1, 채널 목록 개수 = 0
26-03-26 16:41:35.975 [http-nio-8080-exec-2] INFO  c.s.m.d.s.basic.BasicChannelService - 특정 유저가 속한 채널 목록 조회 성공: 유저 id = b64bb6e3-554d-4e09-bed5-8155a9aa9ff1, 채널 목록 개수 = 0
26-03-26 16:41:36.111 [http-nio-8080-exec-10] DEBUG c.s.m.d.controller.ChannelController - 개인 채널 생성 요청: 참여자 수 = 2
26-03-26 16:41:36.160 [http-nio-8080-exec-5] INFO  c.s.m.d.s.basic.BasicChannelService - 특정 유저가 속한 채널 목록 조회 성공: 유저 id = b64bb6e3-554d-4e09-bed5-8155a9aa9ff1, 채널 목록 개수 = 1
26-03-26 16:41:38.661 [http-nio-8080-exec-7] INFO  c.s.m.d.s.basic.BasicChannelService - 특정 유저가 속한 채널 목록 조회 성공: 유저 id = cbad8198-2f47-4ef3-8ecc-063a2ecdd918, 채널 목록 개수 = 1
26-03-26 16:41:38.978 [http-nio-8080-exec-9] INFO  c.s.m.d.s.basic.BasicChannelService - 특정 유저가 속한 채널 목록 조회 성공: 유저 id = b64bb6e3-554d-4e09-bed5-8155a9aa9ff1, 채널 목록 개수 = 1
26-03-26 16:41:41.982 [http-nio-8080-exec-3] INFO  c.s.m.d.s.basic.BasicChannelService - 특정 유저가 속한 채널 목록 조회 성공: 유저 id = b64bb6e3-554d-4e09-bed5-8155a9aa9ff1, 채널 목록 개수 = 1
26-03-26 16:41:44.982 [http-nio-8080-exec-5] INFO  c.s.m.d.s.basic.BasicChannelService - 특정 유저가 속한 채널 목록 조회 성공: 유저 id = b64bb6e3-554d-4e09-bed5-8155a9aa9ff1, 채널 목록 개수 = 1
26-03-26 16:41:45.645 [http-nio-8080-exec-9] INFO  c.s.m.d.s.basic.BasicChannelService - 특정 유저가 속한 채널 목록 조회 성공: 유저 id = cbad8198-2f47-4ef3-8ecc-063a2ecdd918, 채널 목록 개수 = 1
26-03-26 16:41:47.931 [http-nio-8080-exec-2] DEBUG c.s.m.d.controller.UserController - 유저 정보 수정 요청: 수정할 유저 id = b64bb6e3-554d-4e09-bed5-8155a9aa9ff1, 프로필 수정 여부 = false
26-03-26 16:41:47.935 [http-nio-8080-exec-2] WARN  c.s.m.d.e.GlobalExceptionHandler - 예외 발생: 메시지 = 중복된 이메일입니다.
com.sprint.mission.discodeit.exception.user.DuplicateEmailFoundException: 중복된 이메일입니다.
	at com.sprint.mission.discodeit.service.basic.BasicUserService.update(BasicUserService.java:121)
	at java.base/jdk.internal.reflect.NativeMethodAccessorImpl.invoke0(Native Method)
	at java.base/jdk.internal.reflect.NativeMethodAccessorImpl.invoke(NativeMethodAccessorImpl.java:77)
	at java.base/jdk.internal.reflect.DelegatingMethodAccessorImpl.invoke(DelegatingMethodAccessorImpl.java:43)
	at java.base/java.lang.reflect.Method.invoke(Method.java:569)
	at org.springframework.aop.support.AopUtils.invokeJoinpointUsingReflection(AopUtils.java:360)
	at org.springframework.aop.framework.ReflectiveMethodInvocation.invokeJoinpoint(ReflectiveMethodInvocation.java:196)
	at org.springframework.aop.framework.ReflectiveMethodInvocation.proceed(ReflectiveMethodInvocation.java:163)
	at org.springframework.transaction.interceptor.TransactionAspectSupport.invokeWithinTransaction(TransactionAspectSupport.java:380)
	at org.springframework.transaction.interceptor.TransactionInterceptor.invoke(TransactionInterceptor.java:119)
	at org.springframework.aop.framework.ReflectiveMethodInvocation.proceed(ReflectiveMethodInvocation.java:184)
	at org.springframework.aop.framework.CglibAopProxy$DynamicAdvisedInterceptor.intercept(CglibAopProxy.java:728)
	at com.sprint.mission.discodeit.service.basic.BasicUserService$$SpringCGLIB$$0.update(<generated>)
	at com.sprint.mission.discodeit.controller.UserController.updateUser(UserController.java:67)
	at java.base/jdk.internal.reflect.NativeMethodAccessorImpl.invoke0(Native Method)
	at java.base/jdk.internal.reflect.NativeMethodAccessorImpl.invoke(NativeMethodAccessorImpl.java:77)
	at java.base/jdk.internal.reflect.DelegatingMethodAccessorImpl.invoke(DelegatingMethodAccessorImpl.java:43)
	at java.base/java.lang.reflect.Method.invoke(Method.java:569)
	at org.springframework.web.method.support.InvocableHandlerMethod.doInvoke(InvocableHandlerMethod.java:258)
	at org.springframework.web.method.support.InvocableHandlerMethod.invokeForRequest(InvocableHandlerMethod.java:191)
	at org.springframework.web.servlet.mvc.method.annotation.ServletInvocableHandlerMethod.invokeAndHandle(ServletInvocableHandlerMethod.java:118)
	at org.springframework.web.servlet.mvc.method.annotation.RequestMappingHandlerAdapter.invokeHandlerMethod(RequestMappingHandlerAdapter.java:991)
	at org.springframework.web.servlet.mvc.method.annotation.RequestMappingHandlerAdapter.handleInternal(RequestMappingHandlerAdapter.java:896)
	at org.springframework.web.servlet.mvc.method.AbstractHandlerMethodAdapter.handle(AbstractHandlerMethodAdapter.java:87)
	at org.springframework.web.servlet.DispatcherServlet.doDispatch(DispatcherServlet.java:1089)
	at org.springframework.web.servlet.DispatcherServlet.doService(DispatcherServlet.java:979)
	at org.springframework.web.servlet.FrameworkServlet.processRequest(FrameworkServlet.java:1014)
	at org.springframework.web.servlet.FrameworkServlet.service(FrameworkServlet.java:888)
	at jakarta.servlet.http.HttpServlet.service(HttpServlet.java:658)
	at org.apache.catalina.core.ApplicationFilterChain.internalDoFilter(ApplicationFilterChain.java:193)
	at org.apache.catalina.core.ApplicationFilterChain.doFilter(ApplicationFilterChain.java:138)
	at org.apache.tomcat.websocket.server.WsFilter.doFilter(WsFilter.java:51)
	at org.apache.catalina.core.ApplicationFilterChain.internalDoFilter(ApplicationFilterChain.java:162)
	at org.apache.catalina.core.ApplicationFilterChain.doFilter(ApplicationFilterChain.java:138)
	at org.springframework.web.filter.RequestContextFilter.doFilterInternal(RequestContextFilter.java:100)
	at org.springframework.web.filter.OncePerRequestFilter.doFilter(OncePerRequestFilter.java:116)
	at org.apache.catalina.core.ApplicationFilterChain.internalDoFilter(ApplicationFilterChain.java:162)
	at org.apache.catalina.core.ApplicationFilterChain.doFilter(ApplicationFilterChain.java:138)
	at org.springframework.web.filter.FormContentFilter.doFilterInternal(FormContentFilter.java:93)
	at org.springframework.web.filter.OncePerRequestFilter.doFilter(OncePerRequestFilter.java:116)
	at org.apache.catalina.core.ApplicationFilterChain.internalDoFilter(ApplicationFilterChain.java:162)
	at org.apache.catalina.core.ApplicationFilterChain.doFilter(ApplicationFilterChain.java:138)
	at org.springframework.web.filter.CharacterEncodingFilter.doFilterInternal(CharacterEncodingFilter.java:201)
	at org.springframework.web.filter.OncePerRequestFilter.doFilter(OncePerRequestFilter.java:116)
	at org.apache.catalina.core.ApplicationFilterChain.internalDoFilter(ApplicationFilterChain.java:162)
	at org.apache.catalina.core.ApplicationFilterChain.doFilter(ApplicationFilterChain.java:138)
	at org.apache.catalina.core.StandardWrapperValve.invoke(StandardWrapperValve.java:165)
	at org.apache.catalina.core.StandardContextValve.invoke(StandardContextValve.java:88)
	at org.apache.catalina.authenticator.AuthenticatorBase.invoke(AuthenticatorBase.java:482)
	at org.apache.catalina.core.StandardHostValve.invoke(StandardHostValve.java:113)
	at org.apache.catalina.valves.ErrorReportValve.invoke(ErrorReportValve.java:83)
	at org.apache.catalina.core.StandardEngineValve.invoke(StandardEngineValve.java:72)
	at org.apache.catalina.connector.CoyoteAdapter.service(CoyoteAdapter.java:342)
	at org.apache.coyote.http11.Http11Processor.service(Http11Processor.java:399)
	at org.apache.coyote.AbstractProcessorLight.process(AbstractProcessorLight.java:63)
	at org.apache.coyote.AbstractProtocol$ConnectionHandler.process(AbstractProtocol.java:903)
	at org.apache.tomcat.util.net.NioEndpoint$SocketProcessor.doRun(NioEndpoint.java:1774)
	at org.apache.tomcat.util.net.SocketProcessorBase.run(SocketProcessorBase.java:52)
	at org.apache.tomcat.util.threads.ThreadPoolExecutor.runWorker(ThreadPoolExecutor.java:973)
	at org.apache.tomcat.util.threads.ThreadPoolExecutor$Worker.run(ThreadPoolExecutor.java:491)
	at org.apache.tomcat.util.threads.TaskThread$WrappingRunnable.run(TaskThread.java:63)
	at java.base/java.lang.Thread.run(Thread.java:840)
26-03-26 16:41:47.973 [http-nio-8080-exec-3] INFO  c.s.m.d.s.basic.BasicChannelService - 특정 유저가 속한 채널 목록 조회 성공: 유저 id = b64bb6e3-554d-4e09-bed5-8155a9aa9ff1, 채널 목록 개수 = 1
26-03-26 16:41:49.620 [http-nio-8080-exec-1] INFO  c.s.m.d.s.basic.BasicChannelService - 특정 유저가 속한 채널 목록 조회 성공: 유저 id = cbad8198-2f47-4ef3-8ecc-063a2ecdd918, 채널 목록 개수 = 1
26-03-26 16:41:54.175 [SpringApplicationShutdownHook] INFO  o.s.b.w.e.tomcat.GracefulShutdown - Commencing graceful shutdown. Waiting for active requests to complete
26-03-26 16:41:54.186 [tomcat-shutdown] INFO  o.s.b.w.e.tomcat.GracefulShutdown - Graceful shutdown complete
26-03-26 16:41:54.195 [SpringApplicationShutdownHook] INFO  o.s.o.j.LocalContainerEntityManagerFactoryBean - Closing JPA EntityManagerFactory for persistence unit 'default'
26-03-26 16:41:54.201 [SpringApplicationShutdownHook] INFO  com.zaxxer.hikari.HikariDataSource - HikariPool-1 - Shutdown initiated...
26-03-26 16:41:54.203 [SpringApplicationShutdownHook] INFO  com.zaxxer.hikari.HikariDataSource - HikariPool-1 - Shutdown completed.
26-03-26 17:48:07.247 [background-preinit] INFO  o.h.validator.internal.util.Version - HV000001: Hibernate Validator 8.0.3.Final
26-03-26 17:48:07.277 [main] INFO  c.s.m.discodeit.DiscodeitApplication - Starting DiscodeitApplication using Java 17.0.17 with PID 40478 (/Users/apple/discodeit/build/classes/java/main started by apple in /Users/apple/discodeit)
26-03-26 17:48:07.277 [main] DEBUG c.s.m.discodeit.DiscodeitApplication - Running with Spring Boot v3.5.10, Spring v6.2.15
26-03-26 17:48:07.277 [main] INFO  c.s.m.discodeit.DiscodeitApplication - The following 1 profile is active: "dev"
26-03-26 17:48:07.705 [main] INFO  o.s.d.r.c.RepositoryConfigurationDelegate - Bootstrapping Spring Data JPA repositories in DEFAULT mode.
26-03-26 17:48:07.742 [main] INFO  o.s.d.r.c.RepositoryConfigurationDelegate - Finished Spring Data repository scanning in 31 ms. Found 6 JPA repository interfaces.
26-03-26 17:48:07.987 [main] INFO  o.s.b.w.e.tomcat.TomcatWebServer - Tomcat initialized with port 8080 (http)
26-03-26 17:48:07.993 [main] INFO  o.a.coyote.http11.Http11NioProtocol - Initializing ProtocolHandler ["http-nio-8080"]
26-03-26 17:48:07.993 [main] INFO  o.a.catalina.core.StandardService - Starting service [Tomcat]
26-03-26 17:48:07.993 [main] INFO  o.a.catalina.core.StandardEngine - Starting Servlet engine: [Apache Tomcat/10.1.50]
26-03-26 17:48:08.025 [main] INFO  o.a.c.c.C.[Tomcat].[localhost].[/] - Initializing Spring embedded WebApplicationContext
26-03-26 17:48:08.026 [main] INFO  o.s.b.w.s.c.ServletWebServerApplicationContext - Root WebApplicationContext: initialization completed in 731 ms
26-03-26 17:48:08.078 [main] INFO  com.zaxxer.hikari.HikariDataSource - HikariPool-1 - Starting...
26-03-26 17:48:08.173 [main] INFO  com.zaxxer.hikari.pool.HikariPool - HikariPool-1 - Added connection conn0: url=jdbc:h2:mem:testdb user=SA
26-03-26 17:48:08.174 [main] INFO  com.zaxxer.hikari.HikariDataSource - HikariPool-1 - Start completed.
26-03-26 17:48:08.242 [main] INFO  o.h.jpa.internal.util.LogHelper - HHH000204: Processing PersistenceUnitInfo [name: default]
26-03-26 17:48:08.283 [main] INFO  org.hibernate.Version - HHH000412: Hibernate ORM core version 6.6.41.Final
26-03-26 17:48:08.299 [main] INFO  o.h.c.i.RegionFactoryInitiator - HHH000026: Second-level cache disabled
26-03-26 17:48:08.435 [main] INFO  o.s.o.j.p.SpringPersistenceUnitInfo - No LoadTimeWeaver setup: ignoring JPA class transformer
26-03-26 17:48:08.486 [main] INFO  o.hibernate.orm.connections.pooling - HHH10001005: Database info:
	Database JDBC URL [Connecting through datasource 'HikariDataSource (HikariPool-1)']
	Database driver: undefined/unknown
	Database version: 2.3.232
	Autocommit mode: undefined/unknown
	Isolation level: undefined/unknown
	Minimum pool size: undefined/unknown
	Maximum pool size: undefined/unknown
26-03-26 17:48:08.971 [main] INFO  o.h.e.t.j.p.i.JtaPlatformInitiator - HHH000489: No JTA platform available (set 'hibernate.transaction.jta.platform' to enable JTA platform integration)
26-03-26 17:48:08.972 [main] INFO  o.s.o.j.LocalContainerEntityManagerFactoryBean - Initialized JPA EntityManagerFactory for persistence unit 'default'
26-03-26 17:48:09.253 [main] WARN  o.s.b.a.o.j.JpaBaseConfiguration$JpaWebConfiguration - spring.jpa.open-in-view is enabled by default. Therefore, database queries may be performed during view rendering. Explicitly configure spring.jpa.open-in-view to disable this warning
26-03-26 17:48:09.264 [main] INFO  o.s.b.a.w.s.WelcomePageHandlerMapping - Adding welcome page: class path resource [static/index.html]
26-03-26 17:48:09.435 [main] INFO  o.s.b.a.h.H2ConsoleAutoConfiguration - H2 console available at '/h2-console'. Database available at 'jdbc:h2:mem:testdb'
26-03-26 17:48:09.471 [main] INFO  o.a.coyote.http11.Http11NioProtocol - Starting ProtocolHandler ["http-nio-8080"]
26-03-26 17:48:09.481 [main] INFO  o.s.b.w.e.tomcat.TomcatWebServer - Tomcat started on port 8080 (http) with context path '/'
26-03-26 17:48:09.488 [main] INFO  c.s.m.discodeit.DiscodeitApplication - Started DiscodeitApplication in 2.469 seconds (process running for 7.996)
26-03-26 17:48:09.489 [main] WARN  o.s.c.events.SpringDocAppInitializer - SpringDoc /v3/api-docs endpoint is enabled by default. To disable it in production, set the property 'springdoc.api-docs.enabled=false'
26-03-26 17:48:09.489 [main] WARN  o.s.c.events.SpringDocAppInitializer - SpringDoc /swagger-ui.html endpoint is enabled by default. To disable it in production, set the property 'springdoc.swagger-ui.enabled=false'
26-03-26 17:48:11.064 [SpringApplicationShutdownHook] INFO  o.s.b.w.e.tomcat.GracefulShutdown - Commencing graceful shutdown. Waiting for active requests to complete
26-03-26 17:48:11.070 [tomcat-shutdown] INFO  o.s.b.w.e.tomcat.GracefulShutdown - Graceful shutdown complete
26-03-26 17:48:11.074 [SpringApplicationShutdownHook] INFO  o.s.o.j.LocalContainerEntityManagerFactoryBean - Closing JPA EntityManagerFactory for persistence unit 'default'
26-03-26 17:48:11.075 [SpringApplicationShutdownHook] INFO  com.zaxxer.hikari.HikariDataSource - HikariPool-1 - Shutdown initiated...
26-03-26 17:48:11.076 [SpringApplicationShutdownHook] INFO  com.zaxxer.hikari.HikariDataSource - HikariPool-1 - Shutdown completed.
26-03-26 18:17:08.994 [background-preinit] INFO  o.h.validator.internal.util.Version - HV000001: Hibernate Validator 8.0.3.Final
26-03-26 18:17:09.034 [main] INFO  c.s.m.discodeit.DiscodeitApplication - Starting DiscodeitApplication using Java 17.0.17 with PID 41483 (/Users/apple/discodeit/build/classes/java/main started by apple in /Users/apple/discodeit)
26-03-26 18:17:09.034 [main] DEBUG c.s.m.discodeit.DiscodeitApplication - Running with Spring Boot v3.5.10, Spring v6.2.15
26-03-26 18:17:09.034 [main] INFO  c.s.m.discodeit.DiscodeitApplication - The following 1 profile is active: "dev"
26-03-26 18:17:09.726 [main] INFO  o.s.d.r.c.RepositoryConfigurationDelegate - Bootstrapping Spring Data JPA repositories in DEFAULT mode.
26-03-26 18:17:09.783 [main] INFO  o.s.d.r.c.RepositoryConfigurationDelegate - Finished Spring Data repository scanning in 51 ms. Found 6 JPA repository interfaces.
26-03-26 18:17:10.132 [main] INFO  o.s.b.w.e.tomcat.TomcatWebServer - Tomcat initialized with port 8080 (http)
26-03-26 18:17:10.138 [main] INFO  o.a.coyote.http11.Http11NioProtocol - Initializing ProtocolHandler ["http-nio-8080"]
26-03-26 18:17:10.139 [main] INFO  o.a.catalina.core.StandardService - Starting service [Tomcat]
26-03-26 18:17:10.139 [main] INFO  o.a.catalina.core.StandardEngine - Starting Servlet engine: [Apache Tomcat/10.1.50]
26-03-26 18:17:10.181 [main] INFO  o.a.c.c.C.[Tomcat].[localhost].[/] - Initializing Spring embedded WebApplicationContext
26-03-26 18:17:10.182 [main] INFO  o.s.b.w.s.c.ServletWebServerApplicationContext - Root WebApplicationContext: initialization completed in 1126 ms
26-03-26 18:17:10.266 [main] INFO  com.zaxxer.hikari.HikariDataSource - HikariPool-1 - Starting...
26-03-26 18:17:10.413 [main] INFO  com.zaxxer.hikari.pool.HikariPool - HikariPool-1 - Added connection conn0: url=jdbc:h2:mem:testdb user=SA
26-03-26 18:17:10.414 [main] INFO  com.zaxxer.hikari.HikariDataSource - HikariPool-1 - Start completed.
26-03-26 18:17:10.484 [main] INFO  o.h.jpa.internal.util.LogHelper - HHH000204: Processing PersistenceUnitInfo [name: default]
26-03-26 18:17:10.519 [main] INFO  org.hibernate.Version - HHH000412: Hibernate ORM core version 6.6.41.Final
26-03-26 18:17:10.538 [main] INFO  o.h.c.i.RegionFactoryInitiator - HHH000026: Second-level cache disabled
26-03-26 18:17:10.718 [main] INFO  o.s.o.j.p.SpringPersistenceUnitInfo - No LoadTimeWeaver setup: ignoring JPA class transformer
26-03-26 18:17:10.774 [main] INFO  o.hibernate.orm.connections.pooling - HHH10001005: Database info:
	Database JDBC URL [Connecting through datasource 'HikariDataSource (HikariPool-1)']
	Database driver: undefined/unknown
	Database version: 2.3.232
	Autocommit mode: undefined/unknown
	Isolation level: undefined/unknown
	Minimum pool size: undefined/unknown
	Maximum pool size: undefined/unknown
26-03-26 18:17:11.343 [main] INFO  o.h.e.t.j.p.i.JtaPlatformInitiator - HHH000489: No JTA platform available (set 'hibernate.transaction.jta.platform' to enable JTA platform integration)
26-03-26 18:17:11.345 [main] INFO  o.s.o.j.LocalContainerEntityManagerFactoryBean - Initialized JPA EntityManagerFactory for persistence unit 'default'
26-03-26 18:17:11.649 [main] WARN  o.s.b.a.o.j.JpaBaseConfiguration$JpaWebConfiguration - spring.jpa.open-in-view is enabled by default. Therefore, database queries may be performed during view rendering. Explicitly configure spring.jpa.open-in-view to disable this warning
26-03-26 18:17:11.662 [main] INFO  o.s.b.a.w.s.WelcomePageHandlerMapping - Adding welcome page: class path resource [static/index.html]
26-03-26 18:17:11.842 [main] INFO  o.s.b.a.h.H2ConsoleAutoConfiguration - H2 console available at '/h2-console'. Database available at 'jdbc:h2:mem:testdb'
26-03-26 18:17:11.884 [main] INFO  o.a.coyote.http11.Http11NioProtocol - Starting ProtocolHandler ["http-nio-8080"]
26-03-26 18:17:11.896 [main] INFO  o.s.b.w.e.tomcat.TomcatWebServer - Tomcat started on port 8080 (http) with context path '/'
26-03-26 18:17:11.903 [main] INFO  c.s.m.discodeit.DiscodeitApplication - Started DiscodeitApplication in 3.168 seconds (process running for 8.65)
26-03-26 18:17:11.904 [main] WARN  o.s.c.events.SpringDocAppInitializer - SpringDoc /v3/api-docs endpoint is enabled by default. To disable it in production, set the property 'springdoc.api-docs.enabled=false'
26-03-26 18:17:11.904 [main] WARN  o.s.c.events.SpringDocAppInitializer - SpringDoc /swagger-ui.html endpoint is enabled by default. To disable it in production, set the property 'springdoc.swagger-ui.enabled=false'
26-03-26 18:17:14.304 [SpringApplicationShutdownHook] INFO  o.s.b.w.e.tomcat.GracefulShutdown - Commencing graceful shutdown. Waiting for active requests to complete
26-03-26 18:17:14.317 [tomcat-shutdown] INFO  o.s.b.w.e.tomcat.GracefulShutdown - Graceful shutdown complete
26-03-26 18:17:14.323 [SpringApplicationShutdownHook] INFO  o.s.o.j.LocalContainerEntityManagerFactoryBean - Closing JPA EntityManagerFactory for persistence unit 'default'
26-03-26 18:17:14.327 [SpringApplicationShutdownHook] INFO  com.zaxxer.hikari.HikariDataSource - HikariPool-1 - Shutdown initiated...
26-03-26 18:17:14.330 [SpringApplicationShutdownHook] INFO  com.zaxxer.hikari.HikariDataSource - HikariPool-1 - Shutdown completed.
